20-05-14 13:10:09 : Username and Password not accepted. Learn more at<EOL> https://support.google.com/mail/?p=BadCredentials k24sm1537812pfk.134 - gsmtp<EOL>
20-05-14 13:27:29 : Socket Error # 11001<EOL>Host not found.
20-05-14 13:28:37 : Socket Error # 10060<EOL>Connection timed out.
20-05-14 13:28:52 : Connect timed out.
20-05-14 13:31:19 : Socket Error # 10060<EOL>Connection timed out.
20-05-14 13:32:01 : Socket Error # 10060<EOL>Connection timed out.
20-05-14 13:33:48 : Socket Error # 11001<EOL>Host not found.
20-05-18 17:55:21 : Socket Error # 11001<EOL>Host not found.
20-05-18 17:55:31 : Socket Error # 11001<EOL>Host not found.
20-05-18 17:55:36 : Socket Error # 11001<EOL>Host not found.
20-05-18 17:55:41 : Socket Error # 11001<EOL>Host not found.
20-05-19 22:19:32 : Socket Error # 10060<EOL>Connection timed out.
20-05-19 22:22:38 : Socket Error # 11001<EOL>Host not found.
20-05-19 22:24:41 : Message is missing sender's address
20-05-19 22:24:49 : Message is missing sender's address
20-05-19 22:33:18 : Message is missing sender's address
20-05-19 22:33:21 : Message is missing sender's address
20-05-19 22:49:41 : Socket Error # 11001<EOL>Host not found.
20-05-19 22:52:13 : Socket Error # 11001<EOL>Host not found.
20-05-19 22:54:02 : Socket Error # 11001<EOL>Host not found.
20-05-19 22:54:53 : Socket Error # 11001<EOL>Host not found.
20-05-19 22:56:47 : Socket Error # 11001<EOL>Host not found.
20-05-19 22:58:29 : Socket Error # 11001<EOL>Host not found.
20-05-19 22:59:28 : Socket Error # 11001<EOL>Host not found.
20-05-20 16:20:47 : Socket Error # 10060<EOL>Connection timed out.
20-05-20 16:21:32 : Connect timed out.
20-05-20 23:41:03 : Socket Error # 11001<EOL>Host not found.
20-05-21 12:37:41 : Temporary System Problem.  Try again later (10). m14sm3278638pgn.83 - gsmtp<EOL>
20-05-21 12:40:13 : Socket Error # 10060<EOL>Connection timed out.
